<?xml version="1.0" encoding="UTF-8"?>
<testng-results skipped="0" failed="0" total="1" passed="1">
  <reporter-output>
  </reporter-output>
  <suite name="Default suite" duration-ms="61" started-at="2015-03-31T14:25:36Z" finished-at="2015-03-31T14:25:36Z">
    <groups>
    </groups>
    <test name="Default test" duration-ms="61" started-at="2015-03-31T14:25:36Z" finished-at="2015-03-31T14:25:36Z">
      <class name="com.epam.wt.entity.CommandTest">
        <test-method status="PASS" signature="commandTest()[pri:0, instance:com.epam.wt.entity.CommandTest@5b1d2887]" name="commandTest" duration-ms="39" started-at="2015-03-31T11:25:36Z" finished-at="2015-03-31T11:25:36Z">
          <reporter-output>
          </reporter-output>
        </test-method> <!-- commandTest -->
      </class> <!-- com.epam.wt.entity.CommandTest -->
    </test> <!-- Default test -->
  </suite> <!-- Default suite -->
</testng-results>
